<?xml version="1.0" encoding="UTF-8"?>
<Site BuildName="(empty)"
	BuildStamp="20241117-1307-Experimental"
	Name="ROS2-Jazzy"
	Generator="ctest-3.28.3"
	CompilerName="/usr/bin/g++"
	CompilerVersion="13.2.0"
	OSName="Linux"
	Hostname="ROS2-Jazzy"
	OSRelease="6.8.0-48-generic"
	OSVersion="#48-Ubuntu SMP PREEMPT_DYNAMIC Fri Sep 27 14:04:52 UTC 2024"
	OSPlatform="x86_64"
	Is64Bits="1"
	VendorString="AuthenticAMD"
	VendorID="Advanced Micro Devices"
	FamilyID="25"
	ModelID="80"
	ProcessorCacheSize="512"
	NumberOfLogicalCPU="4"
	NumberOfPhysicalCPU="4"
	TotalVirtualMemory="0"
	TotalPhysicalMemory="3915"
	LogicalProcessorsPerPhysical="1"
	ProcessorClockFrequency="3293.68"
	>
	<Testing>
		<StartDateTime>Nov 17 13:09 UTC</StartDateTime>
		<StartTestTime>1731848958</StartTestTime>
		<TestList/>
		<EndDateTime>Nov 17 13:09 UTC</EndDateTime>
		<EndTestTime>1731848958</EndTestTime>
		<ElapsedMinutes>0</ElapsedMinutes>
	</Testing>
</Site>
